f:\practise\automationprojectrepo\automationproject\obj\debugdb\db.pch
f:\practise\automationprojectrepo\automationproject\obj\debugdb\vc140.pdb
f:\practise\automationprojectrepo\automationproject\obj\debugdb\vc140.idb
f:\practise\automationprojectrepo\automationproject\obj\debugdb\stdafx.obj
f:\practise\automationprojectrepo\automationproject\obj\debugdb\accessdata.obj
f:\practise\automationprojectrepo\automationproject\obj\debugdb\adocommand.obj
f:\practise\automationprojectrepo\automationproject\obj\debugdb\adoconnect.obj
f:\practise\automationprojectrepo\automationproject\obj\debugdb\adorecordset.obj
f:\practise\automationprojectrepo\automationproject\obj\debugdb\db.obj
f:\practise\automationprojectrepo\automationproject\lib\debug\db.lib
f:\practise\automationprojectrepo\automationproject\lib\debug\db.exp
f:\practise\automationprojectrepo\automationproject\debug\db.ilk
f:\practise\automationprojectrepo\automationproject\debug\db.dll
f:\practise\automationprojectrepo\automationproject\debug\pdb\db.pdb
f:\practise\automationprojectrepo\automationproject\obj\debugdb\db.res
f:\practise\automationprojectrepo\automationproject\obj\debugdb\msado15.tli
f:\practise\automationprojectrepo\automationproject\obj\debugdb\msado15.tlh
f:\practise\automationprojectrepo\automationproject\obj\debugdb\db.tlog\cl.command.1.tlog
f:\practise\automationprojectrepo\automationproject\obj\debugdb\db.tlog\cl.read.1.tlog
f:\practise\automationprojectrepo\automationproject\obj\debugdb\db.tlog\cl.write.1.tlog
f:\practise\automationprojectrepo\automationproject\obj\debugdb\db.tlog\db.write.1u.tlog
f:\practise\automationprojectrepo\automationproject\obj\debugdb\db.tlog\link.command.1.tlog
f:\practise\automationprojectrepo\automationproject\obj\debugdb\db.tlog\link.read.1.tlog
f:\practise\automationprojectrepo\automationproject\obj\debugdb\db.tlog\link.write.1.tlog
f:\practise\automationprojectrepo\automationproject\obj\debugdb\db.tlog\rc.command.1.tlog
f:\practise\automationprojectrepo\automationproject\obj\debugdb\db.tlog\rc.read.1.tlog
f:\practise\automationprojectrepo\automationproject\obj\debugdb\db.tlog\rc.write.1.tlog
