f:\practise\automationprojectrepo\automationproject\db\release\db.pch
f:\practise\automationprojectrepo\automationproject\db\release\vc140.pdb
f:\practise\automationprojectrepo\automationproject\db\release\stdafx.obj
f:\practise\automationprojectrepo\automationproject\db\release\db.obj
f:\practise\automationprojectrepo\automationproject\db\release\adorecordset.obj
f:\practise\automationprojectrepo\automationproject\db\release\adoconnect.obj
f:\practise\automationprojectrepo\automationproject\db\release\adocommand.obj
f:\practise\automationprojectrepo\automationproject\db\release\accessdata.obj
f:\practise\automationprojectrepo\automationproject\release\db.lib
f:\practise\automationprojectrepo\automationproject\release\db.exp
f:\practise\automationprojectrepo\automationproject\release\db.dll
f:\practise\automationprojectrepo\automationproject\release\db.ipdb
f:\practise\automationprojectrepo\automationproject\release\db.iobj
f:\practise\automationprojectrepo\automationproject\release\db.pdb
f:\practise\automationprojectrepo\automationproject\db\release\db.res
f:\practise\automationprojectrepo\automationproject\db\release\msado15.tli
f:\practise\automationprojectrepo\automationproject\db\release\msado15.tlh
f:\practise\automationprojectrepo\automationproject\db\release\db.tlog\cl.command.1.tlog
f:\practise\automationprojectrepo\automationproject\db\release\db.tlog\cl.read.1.tlog
f:\practise\automationprojectrepo\automationproject\db\release\db.tlog\cl.write.1.tlog
f:\practise\automationprojectrepo\automationproject\db\release\db.tlog\db.write.1u.tlog
f:\practise\automationprojectrepo\automationproject\db\release\db.tlog\link.command.1.tlog
f:\practise\automationprojectrepo\automationproject\db\release\db.tlog\link.read.1.tlog
f:\practise\automationprojectrepo\automationproject\db\release\db.tlog\link.write.1.tlog
f:\practise\automationprojectrepo\automationproject\db\release\db.tlog\rc.command.1.tlog
f:\practise\automationprojectrepo\automationproject\db\release\db.tlog\rc.read.1.tlog
f:\practise\automationprojectrepo\automationproject\db\release\db.tlog\rc.write.1.tlog
