生成启动时间为 2018/8/6 15:26:40。
     1>项目“F:\Practise\AutomationProjectRepo\AutomationProject\Motion\Motion\Motion.vcxproj”在节点 2 上(Build 个目标)。
     1>ClCompile:
         F:\Program Files (x86)\Microsoft Visual Studio 14.0\VC\bin\CL.exe /c /Zi /nologo /W3 /WX- /sdl /O2 /Oi /Oy- /GL /D WIN32 /D _WINDOWS /D NDEBUG /D _USRDLL /D _WINDLL /D _UNICODE /D UNICODE /D _AFXDLL /Gm- /EHsc /MD /GS /Gy /fp:precise /Zc:wchar_t /Zc:forScope /Zc:inline /Yc"stdafx.h" /Fp"Release\Motion.pch" /Fo"Release\\" /Fd"Release\vc140.pdb" /Gd /TP /analyze- /errorReport:prompt stdafx.cpp
         stdafx.cpp
         F:\Program Files (x86)\Microsoft Visual Studio 14.0\VC\bin\CL.exe /c /Zi /nologo /W3 /WX- /sdl /O2 /Oi /Oy- /GL /D WIN32 /D _WINDOWS /D NDEBUG /D _USRDLL /D _WINDLL /D _UNICODE /D UNICODE /D _AFXDLL /Gm- /EHsc /MD /GS /Gy /fp:precise /Zc:wchar_t /Zc:forScope /Zc:inline /Yu"stdafx.h" /Fp"Release\Motion.pch" /Fo"Release\\" /Fd"Release\vc140.pdb" /Gd /TP /analyze- /errorReport:prompt Motion.cpp
         Motion.cpp
       ResourceCompile:
         C:\Program Files (x86)\Windows Kits\8.1\bin\x86\rc.exe /D NDEBUG /D _UNICODE /D UNICODE /D _AFXDLL /l"0x0804" /IRelease\ /nologo /fo"Release\Motion.res" Motion.rc 
       Link:
         F:\Program Files (x86)\Microsoft Visual Studio 14.0\VC\bin\link.exe /ERRORREPORT:PROMPT /OUT:"F:\Practise\AutomationProjectRepo\AutomationProject\Release\Motion.dll" /INCREMENTAL:NO /NOLOGO /DEF:".\Motion.def" /MANIFEST /MANIFESTUAC:"level='asInvoker' uiAccess='false'" /manifest:embed /manifestinput:"F:\Program Files (x86)\Microsoft Visual Studio 14.0\VC\Include\Manifest\dpiaware.manifest" /Debug /PDB:"F:\Practise\AutomationProjectRepo\AutomationProject\Release\Motion.pdb" /SUBSYSTEM:WINDOWS /OPT:REF /OPT:ICF /LTCG:incremental /TLBID:1 /DYNAMICBASE /NXCOMPAT /IMPLIB:"F:\Practise\AutomationProjectRepo\AutomationProject\Release\Motion.lib" /MACHINE:X86 /SAFESEH /DLL Release\Motion.res
         Release\Motion.obj
         Release\stdafx.obj
           正在创建库 F:\Practise\AutomationProjectRepo\AutomationProject\Release\Motion.lib 和对象 F:\Practise\AutomationProjectRepo\AutomationProject\Release\Motion.exp
         正在生成代码
         All 132 functions were compiled because no usable IPDB/IOBJ from previous compilation was found.
         已完成代码的生成
         Motion.vcxproj -> F:\Practise\AutomationProjectRepo\AutomationProject\Release\Motion.dll
     1>已完成生成项目“F:\Practise\AutomationProjectRepo\AutomationProject\Motion\Motion\Motion.vcxproj”(Build 个目标)的操作。

已成功生成。

已用时间 00:00:02.62
