f:\practise\automationprojectrepo\automationproject\obj\releasedb\db.pch
f:\practise\automationprojectrepo\automationproject\obj\releasedb\vc140.pdb
f:\practise\automationprojectrepo\automationproject\obj\releasedb\stdafx.obj
f:\practise\automationprojectrepo\automationproject\obj\releasedb\db.obj
f:\practise\automationprojectrepo\automationproject\obj\releasedb\adorecordset.obj
f:\practise\automationprojectrepo\automationproject\obj\releasedb\adoconnect.obj
f:\practise\automationprojectrepo\automationproject\obj\releasedb\adocommand.obj
f:\practise\automationprojectrepo\automationproject\obj\releasedb\accessdata.obj
f:\practise\automationprojectrepo\automationproject\lib\release\db.lib
f:\practise\automationprojectrepo\automationproject\lib\release\db.exp
f:\practise\automationprojectrepo\automationproject\release\db.dll
f:\practise\automationprojectrepo\automationproject\release\pdbrelease\db.pdb
f:\practise\automationprojectrepo\automationproject\obj\releasedb\db.res
f:\practise\automationprojectrepo\automationproject\obj\releasedb\msado15.tli
f:\practise\automationprojectrepo\automationproject\obj\releasedb\msado15.tlh
f:\practise\automationprojectrepo\automationproject\obj\releasedb\db.tlog\cl.command.1.tlog
f:\practise\automationprojectrepo\automationproject\obj\releasedb\db.tlog\cl.read.1.tlog
f:\practise\automationprojectrepo\automationproject\obj\releasedb\db.tlog\cl.write.1.tlog
f:\practise\automationprojectrepo\automationproject\obj\releasedb\db.tlog\db.write.1u.tlog
f:\practise\automationprojectrepo\automationproject\obj\releasedb\db.tlog\link.command.1.tlog
f:\practise\automationprojectrepo\automationproject\obj\releasedb\db.tlog\link.read.1.tlog
f:\practise\automationprojectrepo\automationproject\obj\releasedb\db.tlog\link.write.1.tlog
f:\practise\automationprojectrepo\automationproject\obj\releasedb\db.tlog\rc.command.1.tlog
f:\practise\automationprojectrepo\automationproject\obj\releasedb\db.tlog\rc.read.1.tlog
f:\practise\automationprojectrepo\automationproject\obj\releasedb\db.tlog\rc.write.1.tlog
