f:\practise\automationprojectrepo\automationproject\automationproject\debug\automationproject.pch
f:\practise\automationprojectrepo\automationproject\automationproject\debug\vc140.pdb
f:\practise\automationprojectrepo\automationproject\automationproject\debug\vc140.idb
f:\practise\automationprojectrepo\automationproject\automationproject\debug\stdafx.obj
f:\practise\automationprojectrepo\automationproject\automationproject\debug\automationproject.obj
f:\practise\automationprojectrepo\automationproject\automationproject\debug\accessdata.obj
f:\practise\automationprojectrepo\automationproject\automationproject\debug\adocommand.obj
f:\practise\automationprojectrepo\automationproject\automationproject\debug\adoconnect.obj
f:\practise\automationprojectrepo\automationproject\automationproject\debug\adodatainterface.obj
f:\practise\automationprojectrepo\automationproject\automationproject\debug\adorecordset.obj
f:\practise\automationprojectrepo\automationproject\debug\automationproject.ilk
f:\practise\automationprojectrepo\automationproject\debug\automationproject.exe
f:\practise\automationprojectrepo\automationproject\debug\automationproject.pdb
f:\practise\automationprojectrepo\automationproject\automationproject\debug\msado15.tli
f:\practise\automationprojectrepo\automationproject\automationproject\debug\msado15.tlh
f:\practise\automationprojectrepo\automationproject\automationproject\debug\automati.6266b3f7.tlog\cl.command.1.tlog
f:\practise\automationprojectrepo\automationproject\automationproject\debug\automati.6266b3f7.tlog\cl.read.1.tlog
f:\practise\automationprojectrepo\automationproject\automationproject\debug\automati.6266b3f7.tlog\cl.write.1.tlog
f:\practise\automationprojectrepo\automationproject\automationproject\debug\automati.6266b3f7.tlog\link.command.1.tlog
f:\practise\automationprojectrepo\automationproject\automationproject\debug\automati.6266b3f7.tlog\link.read.1.tlog
f:\practise\automationprojectrepo\automationproject\automationproject\debug\automati.6266b3f7.tlog\link.write.1.tlog
